{"target": -1.4075062053808305, "params": {"batchsize": 6.08511002351287, "densesize": 6.881297973768632, "filters": 4.000571874086725}, "datetime": {"datetime": "2023-11-12 11:37:33", "elapsed": 0.0, "delta": 0.0}}
{"target": -9.94675862356756, "params": {"batchsize": 8.631199645266094, "densesize": 4.011759057157963, "filters": 8.908847043310248}, "datetime": {"datetime": "2023-11-12 11:39:28", "elapsed": 0.0, "delta": 0.0}}
{"target": -8.79896753727016, "params": {"batchsize": 6.661489601587086, "densesize": 7.149536035211672, "filters": 4.87449887390374}, "datetime": {"datetime": "2023-11-12 11:39:33", "elapsed": 4.86675, "delta": 4.86675}}
{"target": -10.20435963775998, "params": {"batchsize": 6.9792222253132605, "densesize": 5.0440996332026735, "filters": 7.733644780085436}, "datetime": {"datetime": "2023-11-12 11:39:39", "elapsed": 10.548533, "delta": 5.681783}}
{"target": -5.934080122867626, "params": {"batchsize": 5.137574340023347, "densesize": 4.622359989552869, "filters": 8.736517255385836}, "datetime": {"datetime": "2023-11-12 11:39:45", "elapsed": 16.614224, "delta": 6.065691}}
{"target": -7.131676653745251, "params": {"batchsize": 7.631280259406101, "densesize": 6.914448055402768, "filters": 4.9734401579113765}, "datetime": {"datetime": "2023-11-12 11:39:50", "elapsed": 21.566438, "delta": 4.952214}}
{"target": -14.252608696360902, "params": {"batchsize": 6.235069775105023, "densesize": 6.9026545684347935, "filters": 4.0153599898778785}, "datetime": {"datetime": "2023-11-12 11:39:55", "elapsed": 26.595203, "delta": 5.028765}}
{"target": -15.281223843219363, "params": {"batchsize": 8.777227877705977, "densesize": 6.656285663368191, "filters": 6.353603199645912}, "datetime": {"datetime": "2023-11-12 11:40:00", "elapsed": 32.148931, "delta": 5.553728}}
{"target": -7.59693660555446, "params": {"batchsize": 6.443663614374266, "densesize": 7.364714694929096, "filters": 8.895342191822886}, "datetime": {"datetime": "2023-11-12 11:40:07", "elapsed": 39.241473, "delta": 7.092542}}
{"target": -5.702121570412601, "params": {"batchsize": 5.612363797184267, "densesize": 7.054141795109241, "filters": 8.284808327884074}, "datetime": {"datetime": "2023-11-12 11:40:15", "elapsed": 47.101059, "delta": 7.859586}}
{"target": -8.525519549986361, "params": {"batchsize": 8.274736866910683, "densesize": 6.877408220640863, "filters": 8.5598546180497}, "datetime": {"datetime": "2023-11-12 11:40:21", "elapsed": 53.373957, "delta": 6.272898}}
{"target": -6.484145743551972, "params": {"batchsize": 7.385557631338293, "densesize": 6.191644170814957, "filters": 5.916045835693524}, "datetime": {"datetime": "2023-11-12 11:40:27", "elapsed": 58.626857, "delta": 5.2529}}
{"target": -4.77991281593715, "params": {"batchsize": 4.703780505015427, "densesize": 4.5575182275931105, "filters": 5.584161559256072}, "datetime": {"datetime": "2023-11-12 11:40:32", "elapsed": 64.138336, "delta": 5.511479}}
{"target": -6.41856481297988, "params": {"batchsize": 5.370002338420689, "densesize": 7.057393615302818, "filters": 4.3343527283015755}, "datetime": {"datetime": "2023-11-12 11:40:37", "elapsed": 69.222739, "delta": 5.084403}}
{"target": -5.715639996466825, "params": {"batchsize": 8.696647796793108, "densesize": 7.799796220697509, "filters": 5.395657118704031}, "datetime": {"datetime": "2023-11-12 11:40:43", "elapsed": 74.587316, "delta": 5.364577}}
{"target": -7.928195511919096, "params": {"batchsize": 6.991010091973791, "densesize": 4.450808229238001, "filters": 4.583887548422139}, "datetime": {"datetime": "2023-11-12 11:40:48", "elapsed": 79.754328, "delta": 5.167012}}
{"target": -9.037982926836758, "params": {"batchsize": 7.068123303589418, "densesize": 6.229567582564638, "filters": 7.268034601508899}, "datetime": {"datetime": "2023-11-12 11:40:53", "elapsed": 85.501643, "delta": 5.747315}}
{"target": -4.769028481593013, "params": {"batchsize": 4.084063325146312, "densesize": 5.03342734799074, "filters": 8.002923528471312}, "datetime": {"datetime": "2023-11-12 11:41:01", "elapsed": 92.818515, "delta": 7.316872}}
{"target": -5.727948189698259, "params": {"batchsize": 5.561630191146363, "densesize": 6.185033442928142, "filters": 8.133791314839275}, "datetime": {"datetime": "2023-11-12 11:41:09", "elapsed": 100.865968, "delta": 8.047453}}
{"target": -7.762981058571731, "params": {"batchsize": 6.319808145706302, "densesize": 4.543393230444833, "filters": 6.836666525134687}, "datetime": {"datetime": "2023-11-12 11:41:15", "elapsed": 106.534169, "delta": 5.668201}}
{"target": -8.525519549986361, "params": {"batchsize": 8.557007239935139, "densesize": 6.490698234222226, "filters": 8.846408808155235}, "datetime": {"datetime": "2023-11-12 11:41:22", "elapsed": 114.463165, "delta": 7.928996}}
{"target": -13.459270176040032, "params": {"batchsize": 8.020229022957505, "densesize": 5.271837991126747, "filters": 7.032647095439915}, "datetime": {"datetime": "2023-11-12 11:41:28", "elapsed": 120.480829, "delta": 6.017664}}
{"target": -6.489201550354915, "params": {"batchsize": 5.1502092425659995, "densesize": 4.259147270136131, "filters": 7.519228237089443}, "datetime": {"datetime": "2023-11-12 11:41:35", "elapsed": 126.529172, "delta": 6.048343}}
{"target": -7.363069645481294, "params": {"batchsize": 8.29043693077248, "densesize": 7.4135433569484634, "filters": 8.41092617738073}, "datetime": {"datetime": "2023-11-12 11:41:42", "elapsed": 133.630587, "delta": 7.101415}}
{"target": -7.762981058571731, "params": {"batchsize": 6.992334339382575, "densesize": 4.460525223587878, "filters": 6.045856257213068}, "datetime": {"datetime": "2023-11-12 11:41:47", "elapsed": 139.507961, "delta": 5.877374}}
{"target": -21.794923344159663, "params": {"batchsize": 8.196019882663942, "densesize": 5.674041914820762, "filters": 5.480447086869906}, "datetime": {"datetime": "2023-11-12 11:41:53", "elapsed": 145.141382, "delta": 5.633421}}
{"target": -5.851472867918157, "params": {"batchsize": 5.540645948664288, "densesize": 7.429361971914455, "filters": 7.823498519718022}, "datetime": {"datetime": "2023-11-12 11:42:00", "elapsed": 151.909267, "delta": 6.767885}}
{"target": -6.252573228615576, "params": {"batchsize": 5.637279386402849, "densesize": 6.205585421070914, "filters": 5.115339656166815}, "datetime": {"datetime": "2023-11-12 11:42:05", "elapsed": 157.327325, "delta": 5.418058}}
{"target": -5.711483108393453, "params": {"batchsize": 4.2149599864266625, "densesize": 5.659451820428752, "filters": 4.026457865055337}, "datetime": {"datetime": "2023-11-12 11:42:11", "elapsed": 163.137329, "delta": 5.810004}}
{"target": -4.587697517234135, "params": {"batchsize": 4.573503315231459, "densesize": 6.529928464205486, "filters": 6.049758277217201}, "datetime": {"datetime": "2023-11-12 11:42:17", "elapsed": 168.845553, "delta": 5.708224}}
{"target": -4.723012385836177, "params": {"batchsize": 4.692265045494388, "densesize": 5.75074987054247, "filters": 7.475364448817073}, "datetime": {"datetime": "2023-11-12 11:42:23", "elapsed": 174.966869, "delta": 6.121316}}
{"target": -6.048803672554202, "params": {"batchsize": 5.091324951132693, "densesize": 6.96549788511906, "filters": 6.676889672728163}, "datetime": {"datetime": "2023-11-12 11:42:29", "elapsed": 180.765745, "delta": 5.798876}}
{"target": -4.77991281593715, "params": {"batchsize": 4.516006340054175, "densesize": 4.228595471620508, "filters": 5.848230391055159}, "datetime": {"datetime": "2023-11-12 11:42:34", "elapsed": 186.485739, "delta": 5.719994}}
{"target": -7.928195511919096, "params": {"batchsize": 6.184578034950929, "densesize": 4.773890020036173, "filters": 4.378829575909972}, "datetime": {"datetime": "2023-11-12 11:42:40", "elapsed": 191.999182, "delta": 5.513443}}
{"target": -4.728268208565911, "params": {"batchsize": 4.210859733194431, "densesize": 4.4673528276457795, "filters": 6.508819676688041}, "datetime": {"datetime": "2023-11-12 11:42:47", "elapsed": 198.622344, "delta": 6.623162}}
{"target": -7.030267350339996, "params": {"batchsize": 6.602357714429968, "densesize": 7.306520570423393, "filters": 7.9468995995648335}, "datetime": {"datetime": "2023-11-12 11:42:53", "elapsed": 204.561039, "delta": 5.938695}}
{"target": -4.769028481593013, "params": {"batchsize": 4.9904959272799445, "densesize": 5.414893081056185, "filters": 8.400183628502031}, "datetime": {"datetime": "2023-11-12 11:43:00", "elapsed": 211.859506, "delta": 7.298467}}
{"target": -8.572708900142572, "params": {"batchsize": 7.814238943410423, "densesize": 5.872962180418584, "filters": 4.980001887519236}, "datetime": {"datetime": "2023-11-12 11:43:05", "elapsed": 216.786213, "delta": 4.926707}}
{"target": -5.851472867918157, "params": {"batchsize": 5.8792019038216665, "densesize": 7.159514140104102, "filters": 7.872234510476437}, "datetime": {"datetime": "2023-11-12 11:44:06", "elapsed": 0.0, "delta": 0.0}}
{"target": -8.79896753727016, "params": {"batchsize": 6.664674395922507, "densesize": 7.150694273729395, "filters": 4.880117353353769}, "datetime": {"datetime": "2023-11-12 11:44:10", "elapsed": 4.659976, "delta": 4.659976}}
{"target": -14.252608696360902, "params": {"batchsize": 6.001916647479253, "densesize": 6.888313578870761, "filters": 4.067852103767366}, "datetime": {"datetime": "2023-11-12 11:44:15", "elapsed": 9.468599, "delta": 4.808623}}
{"target": -5.934080122867626, "params": {"batchsize": 5.142831608288412, "densesize": 4.6269574009209995, "filters": 8.736875889983262}, "datetime": {"datetime": "2023-11-12 11:44:21", "elapsed": 15.691773, "delta": 6.223174}}
{"target": -13.112051467304449, "params": {"batchsize": 9.0, "densesize": 8.0, "filters": 9.0}, "datetime": {"datetime": "2023-11-12 11:44:30", "elapsed": 24.118339, "delta": 8.426566}}
{"target": -4.723012385836177, "params": {"batchsize": 4.716841576813916, "densesize": 5.757503008904779, "filters": 7.412122150870757}, "datetime": {"datetime": "2023-11-12 11:46:04", "elapsed": 0.0, "delta": 0.0}}
{"target": -4.2380947657148855, "params": {"batchsize": 4.982763042364057, "densesize": 5.420869318346645, "filters": 8.344827292651246}, "datetime": {"datetime": "2023-11-12 11:46:42", "elapsed": 0.0, "delta": 0.0}}
{"target": -4.3705864064564, "params": {"batchsize": 4.616843296927032, "densesize": 4.537186047304077, "filters": 5.56509558801745}, "datetime": {"datetime": "2023-11-12 11:46:49", "elapsed": 6.634363, "delta": 6.634363}}
{"target": -4.388674019545831, "params": {"batchsize": 4.06596366768625, "densesize": 5.094079760136932, "filters": 7.936393925019044}, "datetime": {"datetime": "2023-11-12 11:46:56", "elapsed": 14.0331, "delta": 7.398737}}
{"target": -4.82390748424357, "params": {"batchsize": 5.140206732205537, "densesize": 4.624661981601515, "filters": 8.736696829047085}, "datetime": {"datetime": "2023-11-12 11:47:04", "elapsed": 22.191136, "delta": 8.158036}}
{"target": -3.024689166149723, "params": {"batchsize": 4.617094299073649, "densesize": 6.538074865167367, "filters": 6.069599228647045}, "datetime": {"datetime": "2023-11-12 11:47:51", "elapsed": 0.0, "delta": 0.0}}
{"target": -2.789361412186847, "params": {"batchsize": 4.6786319285788265, "densesize": 5.714951362059955, "filters": 7.473321904083263}, "datetime": {"datetime": "2023-11-12 11:48:00", "elapsed": 8.748422, "delta": 8.748422}}
{"target": -3.9582355799832722, "params": {"batchsize": 5.90628072041344, "densesize": 7.135229863964963, "filters": 7.87170564868422}, "datetime": {"datetime": "2023-11-12 11:48:09", "elapsed": 17.87884, "delta": 9.130418}}
