{"target": -0.0054891123405879354, "params": {"batchsize": 6.08511002351287, "densesize": 6.881297973768632, "filters": 4.000571874086725}, "datetime": {"datetime": "2022-11-10 02:12:16", "elapsed": 0.0, "delta": 0.0}}
{"target": -0.004945395011374758, "params": {"batchsize": 5.511662863159199, "densesize": 4.587023563268453, "filters": 4.461692973843989}, "datetime": {"datetime": "2022-11-10 02:13:38", "elapsed": 81.771502, "delta": 81.771502}}
{"target": -0.004495095449340788, "params": {"batchsize": 4.931301056888355, "densesize": 5.382242908172191, "filters": 5.983837371153349}, "datetime": {"datetime": "2022-11-10 02:15:39", "elapsed": 203.307004, "delta": 121.535502}}
{"target": -0.004892883072798024, "params": {"batchsize": 6.694083670016784, "densesize": 5.676778057613179, "filters": 7.426097501983797}, "datetime": {"datetime": "2022-11-10 02:18:50", "elapsed": 394.155189, "delta": 190.848185}}
{"target": -0.005178652118397248, "params": {"batchsize": 5.022261248657587, "densesize": 7.512469745563782, "filters": 4.136937965989631}, "datetime": {"datetime": "2022-11-10 02:20:47", "elapsed": 511.518746, "delta": 117.363557}}
{"target": -0.004729473266936349, "params": {"batchsize": 7.3523375508920115, "densesize": 5.669219209468508, "filters": 6.793449142228758}, "datetime": {"datetime": "2022-11-10 02:22:27", "elapsed": 610.79121, "delta": 99.272464}}
{"target": -0.005215255320012781, "params": {"batchsize": 4.7019346929761685, "densesize": 4.792405956339515, "filters": 8.003722843377684}, "datetime": {"datetime": "2022-11-10 02:24:32", "elapsed": 736.051555, "delta": 125.260345}}
{"target": -0.004696084575752449, "params": {"batchsize": 8.841307878596988, "densesize": 5.253696712636971, "filters": 7.46161307834657}, "datetime": {"datetime": "2022-11-10 02:27:47", "elapsed": 931.125696, "delta": 195.074141}}
{"target": -0.013037714374383943, "params": {"batchsize": 8.381945761480193, "densesize": 7.57842665401539, "filters": 4.42522105684889}, "datetime": {"datetime": "2022-11-10 02:28:41", "elapsed": 985.307956, "delta": 54.18226}}
{"target": -0.005215255320012781, "params": {"batchsize": 4.195273916164412, "densesize": 4.679321678258276, "filters": 8.390712517147065}, "datetime": {"datetime": "2022-11-10 02:31:57", "elapsed": 1181.18728, "delta": 195.879324}}
{"target": -0.004995880474598633, "params": {"batchsize": 4.491734169165251, "densesize": 5.684430500020209, "filters": 8.78944765075251}, "datetime": {"datetime": "2022-11-10 02:34:40", "elapsed": 1344.220172, "delta": 163.032892}}
{"target": -0.005051640885603033, "params": {"batchsize": 6.665826424865085, "densesize": 6.767508455801893, "filters": 5.577578155030315}, "datetime": {"datetime": "2022-11-10 02:36:01", "elapsed": 1425.096473, "delta": 80.876301}}
{"target": -0.005495170049803055, "params": {"batchsize": 7.432504638407918, "densesize": 7.338502687589491, "filters": 4.091441386720959}, "datetime": {"datetime": "2022-11-10 02:37:08", "elapsed": 1491.904591, "delta": 66.808118}}
{"target": -0.004472234300626193, "params": {"batchsize": 7.750721574724837, "densesize": 7.955444355625978, "filters": 7.740828271899197}, "datetime": {"datetime": "2022-11-10 02:39:47", "elapsed": 1650.797545, "delta": 158.892954}}
{"target": -0.005178652118397248, "params": {"batchsize": 5.402219960322026, "densesize": 7.157117313805954, "filters": 4.51613003288821}, "datetime": {"datetime": "2022-11-10 02:40:56", "elapsed": 1720.002204, "delta": 69.204659}}
{"target": -0.004589760050409517, "params": {"batchsize": 6.239467630879526, "densesize": 7.634382012372383, "filters": 5.468070741868397}, "datetime": {"datetime": "2022-11-10 02:41:53", "elapsed": 1776.907082, "delta": 56.904878}}
{"target": -0.004945395011374758, "params": {"batchsize": 5.438876692931744, "densesize": 4.520114288473111, "filters": 4.096834789351485}, "datetime": {"datetime": "2022-11-10 02:42:49", "elapsed": 1833.524893, "delta": 56.617811}}
{"target": -0.006490634855157982, "params": {"batchsize": 7.394177664699455, "densesize": 4.846512464000236, "filters": 5.3277332968611315}, "datetime": {"datetime": "2022-11-10 02:43:32", "elapsed": 1875.825465, "delta": 42.300572}}
{"target": -0.0046998153803609185, "params": {"batchsize": 6.457865796401691, "densesize": 4.213450180468321, "filters": 6.870588027460066}, "datetime": {"datetime": "2022-11-10 02:45:11", "elapsed": 1975.519024, "delta": 99.693559}}
{"target": -0.004472786417243519, "params": {"batchsize": 4.733642874529051, "densesize": 6.357222147613137, "filters": 7.498791800104656}, "datetime": {"datetime": "2022-11-10 02:48:00", "elapsed": 2144.52027, "delta": 169.001246}}
{"target": -0.004685764513910604, "params": {"batchsize": 4.511672144139129, "densesize": 5.656223951278273, "filters": 7.472000788638725}, "datetime": {"datetime": "2022-11-10 02:50:40", "elapsed": 2304.565482, "delta": 160.045212}}
{"target": -0.004473305847085203, "params": {"batchsize": 5.867567422053528, "densesize": 7.881070418058149, "filters": 8.97134643391632}, "datetime": {"datetime": "2022-11-10 02:55:23", "elapsed": 2587.502504, "delta": 282.937022}}
{"target": -0.005019545972728316, "params": {"batchsize": 4.053989439986145, "densesize": 7.931006603409297, "filters": 6.11718116657045}, "datetime": {"datetime": "2022-11-10 02:57:08", "elapsed": 2692.392242, "delta": 104.889738}}
{"target": -0.005144356517301921, "params": {"batchsize": 7.425986773328114, "densesize": 4.171789528345121, "filters": 8.973368188353103}, "datetime": {"datetime": "2022-11-10 03:00:43", "elapsed": 2907.201846, "delta": 214.809604}}
{"target": -0.005114747689600273, "params": {"batchsize": 8.967040003344517, "densesize": 6.863258569995256, "filters": 8.93564938264612}, "datetime": {"datetime": "2022-11-10 03:06:07", "elapsed": 3231.094139, "delta": 323.892293}}
{"target": -0.004589760050409517, "params": {"batchsize": 6.275921749024196, "densesize": 7.626915935927342, "filters": 5.480774067502899}, "datetime": {"datetime": "2022-11-10 03:07:09", "elapsed": 3292.643065, "delta": 61.548926}}
{"target": -0.005615090369225863, "params": {"batchsize": 8.971744561031397, "densesize": 4.1381038147109175, "filters": 4.100036142494832}, "datetime": {"datetime": "2022-11-10 03:08:39", "elapsed": 3382.637432, "delta": 89.994367}}
{"target": -0.005431017657272015, "params": {"batchsize": 4.044109913401694, "densesize": 7.9053586609755335, "filters": 8.337369754223767}, "datetime": {"datetime": "2022-11-10 03:14:52", "elapsed": 3755.737858, "delta": 373.100426}}
{"target": -0.004934163810248388, "params": {"batchsize": 4.029171279409602, "densesize": 5.578541553540389, "filters": 4.090610247525602}, "datetime": {"datetime": "2022-11-10 03:16:14", "elapsed": 3837.93546, "delta": 82.197602}}
{"target": -0.004826597452746843, "params": {"batchsize": 7.169823034781264, "densesize": 6.3869587197074065, "filters": 8.99062609387309}, "datetime": {"datetime": "2022-11-10 03:20:33", "elapsed": 4096.699008, "delta": 258.763548}}
{"target": -0.004251429373274411, "params": {"batchsize": 5.925780771918135, "densesize": 7.9897727481117045, "filters": 7.067501383542238}, "datetime": {"datetime": "2022-11-10 03:23:12", "elapsed": 4255.997055, "delta": 159.298047}}
{"target": -0.003747101202285601, "params": {"batchsize": 4.071960283722977, "densesize": 4.0172145386867015, "filters": 5.858446091709048}, "datetime": {"datetime": "2022-11-10 03:24:59", "elapsed": 4363.194311, "delta": 107.197256}}
{"target": -0.005491968395556359, "params": {"batchsize": 8.95147228083868, "densesize": 7.373329098792979, "filters": 6.77930963771738}, "datetime": {"datetime": "2022-11-10 03:27:37", "elapsed": 4520.932006, "delta": 157.737695}}
{"target": -0.005399903987385677, "params": {"batchsize": 8.933254454670509, "densesize": 4.021138499031492, "filters": 6.081616443225826}, "datetime": {"datetime": "2022-11-10 03:30:01", "elapsed": 4665.529725, "delta": 144.597719}}
{"target": -0.00441217338201354, "params": {"batchsize": 5.729179967648104, "densesize": 4.06532181716774, "filters": 8.944245879162754}, "datetime": {"datetime": "2022-11-10 03:32:52", "elapsed": 4836.154334, "delta": 170.624609}}
{"target": -0.0053840049798694846, "params": {"batchsize": 8.871026470476016, "densesize": 4.330906822002886, "filters": 8.986054913480551}, "datetime": {"datetime": "2022-11-10 03:37:42", "elapsed": 5126.341999, "delta": 290.187665}}
{"target": -0.010465022464358034, "params": {"batchsize": 8.972723818588374, "densesize": 5.790890951804682, "filters": 5.527511363268827}, "datetime": {"datetime": "2022-11-10 03:38:48", "elapsed": 5192.494967, "delta": 66.152968}}
{"target": -0.004747182404027151, "params": {"batchsize": 7.163170737002644, "densesize": 4.025181924093114, "filters": 4.070963754541159}, "datetime": {"datetime": "2022-11-10 03:39:42", "elapsed": 5245.686004, "delta": 53.191037}}
{"target": -0.0045406652199705445, "params": {"batchsize": 4.028141642305069, "densesize": 4.115365570180394, "filters": 4.356310365170765}, "datetime": {"datetime": "2022-11-10 03:41:10", "elapsed": 5334.371072, "delta": 88.685068}}
{"target": -0.005200144598136789, "params": {"batchsize": 7.911868179437649, "densesize": 5.680566720797485, "filters": 4.009154344517007}, "datetime": {"datetime": "2022-11-10 03:42:20", "elapsed": 5403.623743, "delta": 69.252671}}
{"target": -0.005031264122994406, "params": {"batchsize": 4.099566547004449, "densesize": 6.633248721296663, "filters": 5.579344752127874}, "datetime": {"datetime": "2022-11-10 03:44:13", "elapsed": 5517.592532, "delta": 113.968789}}
{"target": -0.004526657040174641, "params": {"batchsize": 7.995333304686245, "densesize": 4.030453479190708, "filters": 7.642664462678161}, "datetime": {"datetime": "2022-11-10 03:46:40", "elapsed": 5664.121688, "delta": 146.529156}}
{"target": -0.005359426024064821, "params": {"batchsize": 7.56581227253406, "densesize": 7.935809971150187, "filters": 8.982555876595878}, "datetime": {"datetime": "2022-11-10 03:50:44", "elapsed": 5908.174913, "delta": 244.053225}}
{"target": -0.00520318943865329, "params": {"batchsize": 8.29043693077248, "densesize": 7.4135433569484634, "filters": 8.41092617738073}, "datetime": {"datetime": "2022-11-10 03:56:04", "elapsed": 6227.75823, "delta": 319.583317}}
{"target": -0.0046998153803609185, "params": {"batchsize": 6.992334339382575, "densesize": 4.460525223587878, "filters": 6.045856257213068}, "datetime": {"datetime": "2022-11-10 03:57:11", "elapsed": 6294.803402, "delta": 67.045172}}
{"target": -0.010465022464358034, "params": {"batchsize": 8.196019882663942, "densesize": 5.674041914820762, "filters": 5.480447086869906}, "datetime": {"datetime": "2022-11-10 03:58:11", "elapsed": 6355.16606, "delta": 60.362658}}
{"target": -0.004251429373274411, "params": {"batchsize": 5.540645948664288, "densesize": 7.429361971914455, "filters": 7.823498519718022}, "datetime": {"datetime": "2022-11-10 04:00:30", "elapsed": 6494.055487, "delta": 138.889427}}
{"target": -0.0050087581886730384, "params": {"batchsize": 5.637279386402849, "densesize": 6.205585421070914, "filters": 5.115339656166815}, "datetime": {"datetime": "2022-11-10 04:01:50", "elapsed": 6574.272639, "delta": 80.217152}}
{"target": -0.004934163810248388, "params": {"batchsize": 4.2149599864266625, "densesize": 5.659451820428752, "filters": 4.026457865055337}, "datetime": {"datetime": "2022-11-10 04:03:10", "elapsed": 6654.300748, "delta": 80.028109}}
{"target": -0.004775132147464282, "params": {"batchsize": 4.573503315231459, "densesize": 6.529928464205486, "filters": 6.049758277217201}, "datetime": {"datetime": "2022-11-10 04:05:33", "elapsed": 6797.2751, "delta": 142.974352}}
{"target": -0.004685764513910604, "params": {"batchsize": 4.692265045494388, "densesize": 5.75074987054247, "filters": 7.475364448817073}, "datetime": {"datetime": "2022-11-10 04:08:03", "elapsed": 6946.637899, "delta": 149.362799}}
{"target": -0.004330918712417129, "params": {"batchsize": 5.091324951132693, "densesize": 6.96549788511906, "filters": 6.676889672728163}, "datetime": {"datetime": "2022-11-10 04:09:44", "elapsed": 7048.2889, "delta": 101.651001}}
{"target": -0.003747101202285601, "params": {"batchsize": 4.516006340054175, "densesize": 4.228595471620508, "filters": 5.848230391055159}, "datetime": {"datetime": "2022-11-10 04:11:21", "elapsed": 7145.415879, "delta": 97.126979}}
{"target": -0.00500878435066874, "params": {"batchsize": 6.184578034950929, "densesize": 4.773890020036173, "filters": 4.378829575909972}, "datetime": {"datetime": "2022-11-10 04:12:18", "elapsed": 7201.752626, "delta": 56.336747}}
{"target": -0.004316844543386659, "params": {"batchsize": 4.210859733194431, "densesize": 4.4673528276457795, "filters": 6.508819676688041}, "datetime": {"datetime": "2022-11-10 04:14:33", "elapsed": 7337.08425, "delta": 135.331624}}
{"target": -0.004514125251895419, "params": {"batchsize": 6.602357714429968, "densesize": 7.306520570423393, "filters": 7.9468995995648335}, "datetime": {"datetime": "2022-11-10 04:17:27", "elapsed": 7510.959594, "delta": 173.875344}}
{"target": -0.004995880474598633, "params": {"batchsize": 4.9904959272799445, "densesize": 5.414893081056185, "filters": 8.400183628502031}, "datetime": {"datetime": "2022-11-10 04:20:46", "elapsed": 7709.819594, "delta": 198.86}}
{"target": -0.005200144598136789, "params": {"batchsize": 7.814238943410423, "densesize": 5.872962180418584, "filters": 4.980001887519236}, "datetime": {"datetime": "2022-11-10 04:21:38", "elapsed": 7762.114426, "delta": 52.294832}}
{"target": -0.005316745260346414, "params": {"batchsize": 7.76476840021212, "densesize": 7.944164553314632, "filters": 6.033812337005612}, "datetime": {"datetime": "2022-11-10 04:23:03", "elapsed": 7847.019639, "delta": 84.905213}}
{"target": -0.004607589444730386, "params": {"batchsize": 6.182063563794744, "densesize": 5.464736625269903, "filters": 8.980336357011193}, "datetime": {"datetime": "2022-11-10 04:26:40", "elapsed": 8064.320811, "delta": 217.301172}}
{"target": -0.0052620931552683665, "params": {"batchsize": 4.016489830490879, "densesize": 7.916485896779529, "filters": 4.538566027958483}, "datetime": {"datetime": "2022-11-10 04:28:50", "elapsed": 8193.624069, "delta": 129.303258}}
